<?xml version="1.0" encoding="UTF-8"?>
<testng-results ignored="0" total="1" passed="1" failed="0" skipped="0">
  <reporter-output>
  </reporter-output>
  <suite started-at="2021-07-31T23:11:10 IST" name="Default suite" finished-at="2021-07-31T23:12:10 IST" duration-ms="60584">
    <groups>
    </groups>
    <test started-at="2021-07-31T23:11:10 IST" name="Default test" finished-at="2021-07-31T23:12:10 IST" duration-ms="60584">
      <class name="test.BaseClass">
        <test-method is-config="true" signature="setup()[pri:0, instance:test.BaseClass@2a54a73f]" started-at="2021-07-31T23:11:10 IST" name="setup" finished-at="2021-07-31T23:12:10 IST" duration-ms="59994" status="PASS">
          <reporter-output>
          </reporter-output>
        </test-method> <!-- setup -->
        <test-method signature="sampleTest()[pri:0, instance:test.BaseClass@2a54a73f]" started-at="2021-07-31T23:12:10 IST" name="sampleTest" finished-at="2021-07-31T23:12:10 IST" duration-ms="32" status="PASS">
          <reporter-output>
          </reporter-output>
        </test-method> <!-- sampleTest -->
        <test-method is-config="true" signature="teardown()[pri:0, instance:test.BaseClass@2a54a73f]" started-at="2021-07-31T23:12:10 IST" name="teardown" finished-at="2021-07-31T23:12:10 IST" duration-ms="397" status="PASS">
          <reporter-output>
          </reporter-output>
        </test-method> <!-- teardown -->
      </class> <!-- test.BaseClass -->
    </test> <!-- Default test -->
  </suite> <!-- Default suite -->
</testng-results>
